[2025-11-01 12:15:12] Table created: gksphone_settings
[2025-11-01 12:15:12] Table created: gksphone_mails
[2025-11-01 13:12:09] Added column: block → gksphone_contacts
[2025-11-01 13:12:09] Added column: options → gksphone_contacts
[2025-11-01 13:12:09] Table created: gksphone_flare_users
[2025-11-01 13:12:09] Table created: gksphone_flare_swipes
[2025-11-01 13:12:09] Table created: gksphone_flare_matches
[2025-11-01 13:12:09] Table created: gksphone_flare_messages
[2025-11-01 13:12:09] Table created: gksphone_instagram_users
[2025-11-01 13:12:09] Table created: gksphone_instagram_stories
[2025-11-01 13:12:09] Table created: gksphone_instagram_posts
[2025-11-01 13:12:09] Table created: gksphone_instagram_post_likes
[2025-11-01 13:12:09] Table created: gksphone_instagram_follows
[2025-11-01 13:12:09] Table created: gksphone_instagram_comments
[2025-11-01 13:12:09] Table created: gksphone_instagram_comment_likes
[2025-11-01 13:12:09] Table created: gksphone_instagram_conversations
[2025-11-01 13:12:09] Table created: gksphone_instagram_conversation_participants
[2025-11-01 13:12:09] Table created: gksphone_instagram_messages
[2025-11-01 13:12:09] Table created: gksphone_instagram_notifications
[2025-11-01 13:12:09] Table created: gksphone_instagram_active_stories_v2
[2025-11-01 13:12:09] Table created: gksphone_instagram_conversations_v1
[2025-11-01 13:12:09] Table created: gksphone_darkchat_users
[2025-11-01 13:12:09] Table created: gksphone_darkchat_rooms
[2025-11-01 13:12:09] Table created: gksphone_darkchat_room_members
[2025-11-01 13:12:09] Trigger created: gksphone_instagram_update_comment_count
[2025-11-01 13:12:09] Trigger created: gksphone_instagram_update_post_likes_count
[2025-11-01 13:12:09] Trigger created: gksphone_instagram_update_follow_counts_update
[2025-11-01 13:12:09] Trigger created: gksphone_instagram_update_posts_count_delete
[2025-11-01 13:12:09] Trigger created: gksphone_instagram_update_comment_likes_count
[2025-11-01 13:12:09] Trigger created: gksphone_instagram_update_post_likes_count_delete
[2025-11-01 13:12:09] Trigger created: gksphone_instagram_create_comment_notification
[2025-11-01 13:12:09] Trigger created: gksphone_instagram_update_follow_counts
[2025-11-01 13:12:09] Trigger created: gksphone_instagram_update_posts_count
[2025-11-01 13:12:09] Trigger created: gksphone_instagram_create_like_notification
[2025-11-01 13:12:09] Trigger created: gksphone_instagram_update_comment_count_delete
[2025-11-01 13:12:09] Trigger created: gksphone_instagram_update_follow_counts_delete
[2025-11-01 13:12:09] Trigger created: gksphone_instagram_update_comment_likes_count_delete
[2025-11-01 13:56:08] Trigger created: gksphone_instagram_update_posts_count
[2025-11-01 13:56:08] Trigger created: gksphone_instagram_update_comment_count
[2025-11-01 13:56:08] Trigger created: gksphone_instagram_update_comment_likes_count
[2025-11-01 13:56:08] Trigger created: gksphone_instagram_create_like_notification
[2025-11-01 13:56:08] Trigger created: gksphone_instagram_update_follow_counts_update
[2025-11-01 13:56:08] Trigger created: gksphone_instagram_update_posts_count_delete
[2025-11-01 13:56:08] Trigger created: gksphone_instagram_update_comment_count_delete
[2025-11-01 13:56:08] Trigger created: gksphone_instagram_update_follow_counts
[2025-11-01 13:56:08] Trigger created: gksphone_instagram_update_post_likes_count
[2025-11-01 13:56:08] Trigger created: gksphone_instagram_update_comment_likes_count_delete
[2025-11-01 13:56:08] Trigger created: gksphone_instagram_create_comment_notification
[2025-11-01 13:56:08] Trigger created: gksphone_instagram_update_post_likes_count_delete
[2025-11-01 13:56:08] Trigger created: gksphone_instagram_update_follow_counts_delete
[2025-11-01 18:23:17] Table created: gksphone_instagram_active_stories_v2
[2025-11-01 18:23:17] Table created: gksphone_instagram_conversations_v1
[2025-11-01 18:23:17] Trigger created: gksphone_instagram_update_posts_count_delete
[2025-11-01 18:23:17] Trigger created: gksphone_instagram_update_comment_likes_count_delete
[2025-11-01 18:23:17] Trigger created: gksphone_instagram_update_comment_count
[2025-11-01 18:23:17] Trigger created: gksphone_instagram_create_like_notification
[2025-11-01 18:23:17] Trigger created: gksphone_instagram_update_follow_counts_update
[2025-11-01 18:23:17] Trigger created: gksphone_instagram_update_posts_count
[2025-11-01 18:23:17] Trigger created: gksphone_instagram_update_post_likes_count
[2025-11-01 18:23:17] Trigger created: gksphone_instagram_update_comment_count_delete
[2025-11-01 18:23:17] Trigger created: gksphone_instagram_update_follow_counts
[2025-11-01 18:23:17] Trigger created: gksphone_instagram_create_comment_notification
[2025-11-01 18:23:17] Trigger created: gksphone_instagram_update_post_likes_count_delete
[2025-11-01 18:23:17] Trigger created: gksphone_instagram_update_comment_likes_count
[2025-11-01 18:23:17] Trigger created: gksphone_instagram_update_follow_counts_delete
